2025-05-09 20:52:42,548 - WARNING - Arquivo c:\Users\Dra. Jennifer\Desktop\Back\temp\CodeFilmes.json não encontrado
2025-05-09 20:52:46,621 - INFO - Arquivo c:\Users\Dra. Jennifer\Desktop\Back\temp\CodeFilmes.json salvo com sucesso
2025-05-09 20:52:46,734 - INFO - Códigos de filmes atualizados
2025-05-09 20:52:46,843 - WARNING - Arquivo c:\Users\Dra. Jennifer\Desktop\Back\temp\CodeSeries.json não encontrado
2025-05-09 20:52:48,931 - INFO - Arquivo c:\Users\Dra. Jennifer\Desktop\Back\temp\CodeSeries.json salvo com sucesso
2025-05-09 20:52:48,993 - INFO - Códigos de séries atualizados
2025-05-09 20:53:01,417 - INFO - Arquivo c:\Users\Dra. Jennifer\Desktop\Back\Filmes_Encontrados\CodeFilmesNomes.json salvo com sucesso
2025-05-09 20:53:01,706 - INFO - 23 novos filmes adicionados ao cache
2025-05-09 20:53:06,523 - INFO - Arquivo c:\Users\Dra. Jennifer\Desktop\Back\Filmes_Encontrados\CodeSeriesNomes.json salvo com sucesso
2025-05-09 20:53:06,535 - INFO - 3 novos séries adicionados ao cache
2025-05-09 20:53:06,582 - INFO - Códigos iniciais e filmes/séries populares atualizados
2025-05-09 20:53:07,029 - INFO - [31m[1mWARNING: This is a development server. Do not use it in a production deployment. Use a production WSGI server instead.[0m
 * Running on http://127.0.0.1:5001
2025-05-09 20:53:07,033 - INFO - [33mPress CTRL+C to quit[0m
2025-05-09 20:53:07,107 - INFO -  * Restarting with stat
2025-05-09 20:53:21,798 - INFO - Nenhum novo filmes encontrado
2025-05-09 20:53:24,179 - INFO - Nenhum novo séries encontrado
2025-05-09 20:53:24,416 - INFO - Códigos iniciais e filmes/séries populares atualizados
2025-05-09 20:53:25,016 - WARNING -  * Debugger is active!
2025-05-09 20:53:25,051 - INFO -  * Debugger PIN: 636-673-100
